<?xml version="1.0" encoding="UTF-8"?>
<testng-results ignored="0" total="2" passed="2" failed="0" skipped="0">
  <reporter-output>
  </reporter-output>
  <suite started-at="2026-04-26T20:44:16 IST" name="Suite" finished-at="2026-04-26T20:44:36 IST" duration-ms="20091">
    <groups>
    </groups>
    <test started-at="2026-04-26T20:44:16 IST" name="Test" finished-at="2026-04-26T20:44:36 IST" duration-ms="20091">
      <class name="com.test.selenium_demo.Calendar">
        <test-method signature="calen()[pri:0, instance:com.test.selenium_demo.Calendar@72035809]" started-at="2026-04-26T20:44:32 IST" name="calen" finished-at="2026-04-26T20:44:36 IST" duration-ms="3987" status="PASS">
          <reporter-output>
          </reporter-output>
        </test-method> <!-- calen -->
      </class> <!-- com.test.selenium_demo.Calendar -->
      <class name="com.test.selenium_demo.RahulShetty1">
        <test-method signature="cart()[pri:0, instance:com.test.selenium_demo.RahulShetty1@79e4c792]" started-at="2026-04-26T20:44:16 IST" name="cart" finished-at="2026-04-26T20:44:32 IST" duration-ms="16033" status="PASS">
          <reporter-output>
          </reporter-output>
        </test-method> <!-- cart -->
      </class> <!-- com.test.selenium_demo.RahulShetty1 -->
    </test> <!-- Test -->
  </suite> <!-- Suite -->
</testng-results>
