<?xml version="1.0" encoding="UTF-8"?>
<testng-results ignored="0" total="2" passed="2" failed="0" skipped="0">
  <reporter-output>
  </reporter-output>
  <suite started-at="2026-04-26T16:52:25 IST" name="Suite" finished-at="2026-04-26T16:52:46 IST" duration-ms="21398">
    <groups>
    </groups>
    <test started-at="2026-04-26T16:52:25 IST" name="Test" finished-at="2026-04-26T16:52:46 IST" duration-ms="21398">
      <class name="com.test.selenium_demo.Calender">
        <test-method signature="calen()[pri:0, instance:com.test.selenium_demo.Calender@22bac7bc]" started-at="2026-04-26T16:52:42 IST" name="calen" finished-at="2026-04-26T16:52:46 IST" duration-ms="3924" status="PASS">
          <reporter-output>
          </reporter-output>
        </test-method> <!-- calen -->
      </class> <!-- com.test.selenium_demo.Calender -->
      <class name="com.test.selenium_demo.RahulShetty1">
        <test-method signature="cart()[pri:0, instance:com.test.selenium_demo.RahulShetty1@253d9f73]" started-at="2026-04-26T16:52:25 IST" name="cart" finished-at="2026-04-26T16:52:42 IST" duration-ms="17235" status="PASS">
          <reporter-output>
          </reporter-output>
        </test-method> <!-- cart -->
      </class> <!-- com.test.selenium_demo.RahulShetty1 -->
    </test> <!-- Test -->
  </suite> <!-- Suite -->
</testng-results>
